<?xml version="1.0" encoding="UTF-8"?>
<testng-results skipped="0" failed="0" total="2" passed="2">
  <reporter-output>
  </reporter-output>
  <suite name="Default suite" duration-ms="140885" started-at="2019-06-21T17:02:39Z" finished-at="2019-06-21T17:05:00Z">
    <groups>
    </groups>
    <test name="Default test" duration-ms="140885" started-at="2019-06-21T17:02:39Z" finished-at="2019-06-21T17:05:00Z">
      <class name="com.wallethub.TestCases.VerifyLogin">
        <test-method status="PASS" signature="setPrerequisites()[pri:0, instance:com.wallethub.TestCases.VerifyLogin@482f8f11]" name="setPrerequisites" is-config="true" duration-ms="32" started-at="2019-06-21T22:32:39Z" finished-at="2019-06-21T22:32:39Z">
          <reporter-output>
          </reporter-output>
        </test-method> <!-- setPrerequisites -->
        <test-method status="PASS" signature="invokeBrowser()[pri:0, instance:com.wallethub.TestCases.VerifyLogin@482f8f11]" name="invokeBrowser" is-config="true" duration-ms="4811" started-at="2019-06-21T22:32:39Z" finished-at="2019-06-21T22:32:44Z">
          <reporter-output>
          </reporter-output>
        </test-method> <!-- invokeBrowser -->
        <test-method status="PASS" signature="Login()[pri:0, instance:com.wallethub.TestCases.VerifyLogin@482f8f11]" name="Login" duration-ms="109165" started-at="2019-06-21T22:32:44Z" finished-at="2019-06-21T22:34:33Z">
          <reporter-output>
          </reporter-output>
        </test-method> <!-- Login -->
        <test-method status="PASS" signature="tearDown()[pri:0, instance:com.wallethub.TestCases.VerifyLogin@482f8f11]" name="tearDown" is-config="true" duration-ms="737" started-at="2019-06-21T22:34:33Z" finished-at="2019-06-21T22:34:34Z">
          <reporter-output>
          </reporter-output>
        </test-method> <!-- tearDown -->
        <test-method status="PASS" signature="invokeBrowser()[pri:0, instance:com.wallethub.TestCases.VerifyLogin@482f8f11]" name="invokeBrowser" is-config="true" duration-ms="3657" started-at="2019-06-21T22:34:34Z" finished-at="2019-06-21T22:34:38Z">
          <reporter-output>
          </reporter-output>
        </test-method> <!-- invokeBrowser -->
        <test-method status="PASS" signature="verifyReviewComments()[pri:0, instance:com.wallethub.TestCases.VerifyLogin@482f8f11]" name="verifyReviewComments" duration-ms="21700" started-at="2019-06-21T22:34:38Z" finished-at="2019-06-21T22:34:59Z">
          <reporter-output>
          </reporter-output>
        </test-method> <!-- verifyReviewComments -->
        <test-method status="PASS" signature="tearDown()[pri:0, instance:com.wallethub.TestCases.VerifyLogin@482f8f11]" name="tearDown" is-config="true" duration-ms="743" started-at="2019-06-21T22:34:59Z" finished-at="2019-06-21T22:35:00Z">
          <reporter-output>
          </reporter-output>
        </test-method> <!-- tearDown -->
      </class> <!-- com.wallethub.TestCases.VerifyLogin -->
    </test> <!-- Default test -->
  </suite> <!-- Default suite -->
</testng-results>
